Build started 08.04.2017 9:39:41.
     1>Project "C:\Users\Алексей\Documents\Visual Studio 2010\Projects\WinEngine\WinEngine\WinEngine.vcxproj" on node 2 (build target(s)).
     1>InitializeBuildStatus:
         Creating "Debug\WinEngine.unsuccessfulbuild" because "AlwaysCreate" was specified.
       ClCompile:
         C:\Program Files (x86)\Microsoft Visual Studio 10.0\VC\bin\CL.exe /c /ZI /nologo /W3 /WX- /Od /Oy- /D WIN32 /D _DEBUG /D _WINDOWS /D _UNICODE /D UNICODE /Gm /EHsc /RTC1 /MDd /GS /fp:precise /Zc:wchar_t /Zc:forScope /Fo"Debug\\" /Fd"Debug\vc100.pdb" /Gd /TP /analyze- /errorReport:prompt Engine.cpp Game.cpp UObject.cpp USystem.cpp WinMain.cpp Window.cpp
         UObject.cpp
         Generating Code...
         Compiling...
         Window.cpp
     1>c:\users\алексей\documents\visual studio 2010\projects\winengine\winengine\window.cpp(303): warning C4482: nonstandard extension used: enum 'SystemType' used in qualified name
     1>c:\users\алексей\documents\visual studio 2010\projects\winengine\winengine\window.cpp(313): warning C4482: nonstandard extension used: enum 'SystemType' used in qualified name
         WinMain.cpp
         USystem.cpp
     1>c:\users\алексей\documents\visual studio 2010\projects\winengine\winengine\usystem.cpp(4): warning C4482: nonstandard extension used: enum 'SystemType' used in qualified name
         Game.cpp
     1>c:\users\алексей\documents\visual studio 2010\projects\winengine\winengine\game.cpp(5): warning C4482: nonstandard extension used: enum 'SystemType' used in qualified name
         Engine.cpp
     1>c:\users\алексей\documents\visual studio 2010\projects\winengine\winengine\engine.cpp(18): warning C4482: nonstandard extension used: enum 'EngineState' used in qualified name
     1>c:\users\алексей\documents\visual studio 2010\projects\winengine\winengine\engine.cpp(23): warning C4482: nonstandard extension used: enum 'EngineState' used in qualified name
     1>c:\users\алексей\documents\visual studio 2010\projects\winengine\winengine\engine.cpp(29): warning C4482: nonstandard extension used: enum 'EngineState' used in qualified name
     1>c:\users\алексей\documents\visual studio 2010\projects\winengine\winengine\engine.cpp(43): warning C4482: nonstandard extension used: enum 'EngineState' used in qualified name
     1>c:\users\алексей\documents\visual studio 2010\projects\winengine\winengine\engine.cpp(45): warning C4482: nonstandard extension used: enum 'EngineState' used in qualified name
     1>c:\users\алексей\documents\visual studio 2010\projects\winengine\winengine\engine.cpp(73): warning C4482: nonstandard extension used: enum 'EngineState' used in qualified name
     1>c:\users\алексей\documents\visual studio 2010\projects\winengine\winengine\engine.cpp(84): warning C4482: nonstandard extension used: enum 'SystemType' used in qualified name
     1>c:\users\алексей\documents\visual studio 2010\projects\winengine\winengine\engine.cpp(111): warning C4482: nonstandard extension used: enum 'EngineState' used in qualified name
     1>c:\users\алексей\documents\visual studio 2010\projects\winengine\winengine\engine.cpp(154): warning C4482: nonstandard extension used: enum 'SystemType' used in qualified name
         Generating Code...
       ManifestResourceCompile:
         All outputs are up-to-date.
       Link:
         C:\Program Files (x86)\Microsoft Visual Studio 10.0\VC\bin\link.exe /ERRORREPORT:PROMPT /OUT:"C:\Users\Алексей\Documents\Visual Studio 2010\Projects\WinEngine\Debug\WinEngine.exe" /INCREMENTAL /NOLOGO kernel32.lib user32.lib gdi32.lib winspool.lib comdlg32.lib advapi32.lib shell32.lib ole32.lib oleaut32.lib uuid.lib odbc32.lib odbccp32.lib /MANIFEST /ManifestFile:"Debug\WinEngine.exe.intermediate.manifest" /MANIFESTUAC:"level='asInvoker' uiAccess='false'" /DEBUG /PDB:"C:\Users\Алексей\Documents\Visual Studio 2010\Projects\WinEngine\Debug\WinEngine.pdb" /SUBSYSTEM:CONSOLE /TLBID:1 /DYNAMICBASE /NXCOMPAT /IMPLIB:"C:\Users\Алексей\Documents\Visual Studio 2010\Projects\WinEngine\Debug\WinEngine.lib" /MACHINE:X86 Debug\WinEngine.exe.embed.manifest.res
         Debug\Engine.obj
         Debug\Game.obj
         Debug\UObject.obj
         Debug\USystem.obj
         Debug\Window.obj
         Debug\WinMain.obj
       Manifest:
         C:\Program Files (x86)\Microsoft SDKs\Windows\v7.0A\bin\mt.exe /nologo /verbose /out:"Debug\WinEngine.exe.embed.manifest" /manifest Debug\WinEngine.exe.intermediate.manifest
         All outputs are up-to-date.
       LinkEmbedManifest:
         All outputs are up-to-date.
         WinEngine.vcxproj -> C:\Users\Алексей\Documents\Visual Studio 2010\Projects\WinEngine\Debug\WinEngine.exe
       FinalizeBuildStatus:
         Deleting file "Debug\WinEngine.unsuccessfulbuild".
         Touching "Debug\WinEngine.lastbuildstate".
     1>Done Building Project "C:\Users\Алексей\Documents\Visual Studio 2010\Projects\WinEngine\WinEngine\WinEngine.vcxproj" (build target(s)).

Build succeeded.

Time Elapsed 00:00:09.22
