Build started 01.04.2017 16:11:15.
     1>Project "C:\Users\Алексей\Documents\Visual Studio 2010\Projects\WinEngine\WinEngine\WinEngine.vcxproj" on node 2 (build target(s)).
     1>PrepareForBuild:
         Creating directory "C:\Users\Алексей\Documents\Visual Studio 2010\Projects\WinEngine\Release\".
       InitializeBuildStatus:
         Creating "Release\WinEngine.unsuccessfulbuild" because "AlwaysCreate" was specified.
       ClCompile:
         C:\Program Files (x86)\Microsoft Visual Studio 10.0\VC\bin\CL.exe /c /Zi /nologo /W3 /WX- /O2 /Oi /Oy- /GL /D WIN32 /D NDEBUG /D _WINDOWS /D _UNICODE /D UNICODE /Gm- /EHsc /MD /GS /Gy /fp:precise /Zc:wchar_t /Zc:forScope /Fo"Release\\" /Fd"Release\vc100.pdb" /Gd /TP /analyze- /errorReport:prompt WinMain.cpp
         WinMain.cpp
       Link:
         C:\Program Files (x86)\Microsoft Visual Studio 10.0\VC\bin\link.exe /ERRORREPORT:PROMPT /OUT:"C:\Users\Алексей\Documents\Visual Studio 2010\Projects\WinEngine\Release\WinEngine.exe" /INCREMENTAL:NO /NOLOGO kernel32.lib user32.lib gdi32.lib winspool.lib comdlg32.lib advapi32.lib shell32.lib ole32.lib oleaut32.lib uuid.lib odbc32.lib odbccp32.lib /MANIFEST /ManifestFile:"Release\WinEngine.exe.intermediate.manifest" /MANIFESTUAC:"level='asInvoker' uiAccess='false'" /DEBUG /PDB:"C:\Users\Алексей\Documents\Visual Studio 2010\Projects\WinEngine\Release\WinEngine.pdb" /SUBSYSTEM:WINDOWS /OPT:REF /OPT:ICF /LTCG /TLBID:1 /DYNAMICBASE /NXCOMPAT /IMPLIB:"C:\Users\Алексей\Documents\Visual Studio 2010\Projects\WinEngine\Release\WinEngine.lib" /MACHINE:X86 Release\WinMain.obj
         Generating code
         Finished generating code
         WinEngine.vcxproj -> C:\Users\Алексей\Documents\Visual Studio 2010\Projects\WinEngine\Release\WinEngine.exe
       Manifest:
         C:\Program Files (x86)\Microsoft SDKs\Windows\v7.0A\bin\mt.exe /nologo /verbose /outputresource:"C:\Users\Алексей\Documents\Visual Studio 2010\Projects\WinEngine\Release\WinEngine.exe;#1" /manifest Release\WinEngine.exe.intermediate.manifest
       FinalizeBuildStatus:
         Deleting file "Release\WinEngine.unsuccessfulbuild".
         Touching "Release\WinEngine.lastbuildstate".
     1>Done Building Project "C:\Users\Алексей\Documents\Visual Studio 2010\Projects\WinEngine\WinEngine\WinEngine.vcxproj" (build target(s)).

Build succeeded.

Time Elapsed 00:00:02.05
